<project name="Hyperwallet api java test" default="dist" basedir=".">

    <property name="distDir" location="dist"/>
    <property name="sdkDir" location="${distDir}/node-sdk"/>
    <property name="stepsDir" location="${distDir}/steps"/>

    <property name="sdkGitRepositoryUrl" value="https://github.com/akreisman-epam/node-sdk.git"/>
    <property name="stepsGitRepositoryUrl" value="https://github.com/akreisman-epam/node-sdk-examples.git"/>
    <property name="runStepCommand" value="node"/>
    <property name="runStepCommandArgs" value=" "/>

    <property name="stepName_createBankCard" value="src/bankcard/create-bank-card.js"/>
    <property name="stepName_getBankCard" value="src/bankcard/get-bank-card.js"/>
    <property name="stepName_listBankCard" value="src/bankcard/list-bank-cards.js"/>
    <property name="stepName_updateBankCard" value="src/bankcard/update-bank-card.js"/>
    <property name="stepName_deactivateBankCard" value="src/bankcard/deactivate-bank-card.js"/>

    <import file="test-scenario.xml"/>

    <target name="init" depends="download-sdk, download-steps">
        <exec executable="npm" dir="${sdkDir}">
            <arg value="install"/>
        </exec>
        <exec executable="npm" dir="${sdkDir}">
            <arg value="run"/>
            <arg value="prod"/>
        </exec>
        <exec executable="npm" dir="${stepsDir}">
            <arg value="install"/>
        </exec>
    </target>

    <target name="dist" depends="init, testApi"/>

</project>