<project name="Hyperwallet api java test" default="dist" basedir=".">

    <property name="distDir" location="dist"/>
    <property name="sdkDir" location="${distDir}/sdk"/>
    <property name="stepsDir" location="${distDir}/steps"/>

    <property name="sdkGitRepositoryUrl" value="https://github.com/akreisman-epam/java-sdk.git"/>
    <property name="stepsGitRepositoryUrl" value="https://github.com/akreisman-epam/java-sdk-examples.git"/>
    <property name="runStepCommand" value="java"/>
    <property name="runStepCommandArgs" value="-classpath &quot;target/sdk-examples-0.3.0-SNAPSHOT.jar:target/lib/*&quot; "/>

    <property name="stepName_createBankCard" value="com.hyperwallet.example.bankcard.CreateBankCard"/>
    <property name="stepName_getBankCard" value="com.hyperwallet.example.bankcard.RetrieveBankCard"/>
    <property name="stepName_listBankCard" value="com.hyperwallet.example.bankcard.ListBankCards"/>
    <property name="stepName_updateBankCard" value="com.hyperwallet.example.bankcard.UpdateBankCard"/>
    <property name="stepName_deactivateBankCard" value="com.hyperwallet.example.bankcard.DeactivateBankCard"/>
    <property name="stepName_createBankCardStatusTransition" value="com.hyperwallet.example.bankcard.CreateBankCardStatusTransition"/>
    <property name="stepName_getBankCardStatusTransition" value="com.hyperwallet.example.bankcard.RetrieveBankCardStatusTransition"/>
    <property name="stepName_listBankCardStatusTransitions" value="com.hyperwallet.example.bankcard.ListBankCardStatusTransitions"/>

    <property name="stepName_createPaperCheck" value="com.hyperwallet.example.papercheck.CreatePaperCheck"/>
    <property name="stepName_getPaperCheck" value="com.hyperwallet.example.papercheck.RetrievePaperCheck"/>
    <property name="stepName_listPaperCheck" value="com.hyperwallet.example.papercheck.ListPaperChecks"/>
    <property name="stepName_updatePaperCheck" value="com.hyperwallet.example.papercheck.UpdatePaperCheck"/>
    <property name="stepName_deactivatePaperCheck" value="com.hyperwallet.example.papercheck.DeactivatePaperCheck"/>
    <property name="stepName_createPaperCheckStatusTransition" value="com.hyperwallet.example.papercheck.CreatePaperCheckStatusTransition"/>
    <property name="stepName_getPaperCheckStatusTransition" value="com.hyperwallet.example.papercheck.RetrievePaperCheckStatusTransition"/>
    <property name="stepName_listPaperCheckStatusTransitions" value="com.hyperwallet.example.papercheck.ListPaperCheckStatusTransitions"/>

    <property name="stepName_createPaymentStatusTransition" value="com.hyperwallet.example.payment.CreatePaymentStatusTransition"/>
    <property name="stepName_getPaymentStatusTransition" value="com.hyperwallet.example.payment.ListPaymentStatusTransitions"/>
    <property name="stepName_listPaymentStatusTransitions" value="com.hyperwallet.example.payment.RetrievePaymentStatusTransition"/>

    <import file="test-scenario.xml"/>

    <target name="init" depends="download-sdk, download-steps">
        <exec executable="mvn">
            <arg value="-f"/>
            <arg value="${sdkDir}"/>
            <arg value="clean"/>
            <arg value="install"/>
            <arg value="-DskipTests"/>
        </exec>
        <exec executable="mvn">
            <arg value="-f"/>
            <arg value="${stepsDir}"/>
            <arg value="clean"/>
            <arg value="install"/>
        </exec>
    </target>

    <target name="testBankCards" depends="stepCreateBankCard, stepGetBankCard, stepListBankCard, stepUpdateBankCard, stepDeactivateBankCard, stepCreateBankCardStatusTransition, stepGetBankCardStatusTransition, stepListBankCardStatusTransition">
        <echo message="Ok"/>
    </target>
    <target name="testPaperChecks" depends="stepCreatePaperCheck, stepGetPaperCheck, stepListPaperCheck, stepUpdatePaperCheck, stepDeactivatePaperCheck, stepCreatePaperCheckStatusTransition, stepGetPaperCheckStatusTransition, stepListPaperCheckStatusTransition">
        <echo message="Ok"/>
    </target>
    <target name="testPayments" depends="stepCreatePaymentStatusTransition">
        <echo message="Ok"/>
    </target>
    <target name="testPrepaidCards" depends="stepUpdatePrepaidCard">
        <echo message="Ok"/>
    </target>

</project>