<project name="Hyperwallet api java test" default="dist" basedir=".">

    <property name="distDir" location="dist"/>
    <property name="sdkDir" location="${distDir}/sdk"/>
    <property name="stepsDir" location="${distDir}/steps"/>

    <property name="sdkGitRepositoryUrl" value="https://github.com/akreisman-epam/java-sdk.git"/>
    <property name="stepsGitRepositoryUrl" value="https://github.com/akreisman-epam/java-sdk-examples.git"/>
    <property name="runStepCommand" value="java"/>
    <property name="runStepCommandArgs" value="-classpath &quot;target/sdk-examples-0.3.0-SNAPSHOT.jar:target/lib/*&quot; "/>

    <property name="stepName_createBankCard" value="com.hyperwallet.example.bankcard.CreateBankCard"/>
    <property name="stepName_getBankCard" value="com.hyperwallet.example.bankcard.RetrieveBankCard"/>
    <property name="stepName_listBankCard" value="com.hyperwallet.example.bankcard.ListBankCards"/>
    <property name="stepName_updateBankCard" value="com.hyperwallet.example.bankcard.UpdateBankCard"/>
    <property name="stepName_deactivateBankCard" value="com.hyperwallet.example.bankcard.DeactivateBankCard"/>

    <import file="test-scenario.xml"/>

    <target name="init" depends="download-sdk, download-steps">
        <exec executable="mvn">
            <arg value="-f"/>
            <arg value="${sdkDir}"/>
            <arg value="clean"/>
            <arg value="install"/>
        </exec>
        <exec executable="mvn">
            <arg value="-f"/>
            <arg value="${stepsDir}"/>
            <arg value="clean"/>
            <arg value="install"/>
        </exec>
    </target>

    <target name="testBankCards" depends="createUser, stepCreateBankCard, stepGetBankCard, stepListBankCard, stepUpdateBankCard"/>
    <target name="testPaperChecks"/>
    <target name="testBankAccounts"/>
    <target name="testPrepaidCards"/>
    <target name="testPayments"/>

    <target name="dist" depends="init, testApi"/>

</project>