<project name="Hyperwallet api java test" default="dist" basedir=".">

    <property name="distDir" location="dist"/>
    <property name="sdkDir" location="${distDir}/node-sdk"/>
    <property name="stepsDir" location="${distDir}/steps"/>

    <property name="sdkGitRepositoryUrl" value="https://github.com/akreisman-epam/node-sdk.git"/>
    <property name="stepsGitRepositoryUrl" value="https://github.com/akreisman-epam/node-sdk-examples.git"/>
    <property name="runStepCommand" value="node"/>
    <property name="runStepCommandArgs" value=" "/>

    <property name="stepName_createBankCard" value="src/bankcard/create-bank-card.js"/>
    <property name="stepName_getBankCard" value="src/bankcard/get-bank-card.js"/>
    <property name="stepName_listBankCard" value="src/bankcard/list-bank-cards.js"/>
    <property name="stepName_updateBankCard" value="src/bankcard/update-bank-card.js"/>
    <property name="stepName_deactivateBankCard" value="src/bankcard/deactivate-bank-card.js"/>
    <property name="stepName_createBankCardStatusTransition" value="src/bankcard/create-bank-card-transition.js"/>
    <property name="stepName_getBankCardStatusTransition" value="src/bankcard/get-bank-card-transition.js"/>
    <property name="stepName_listBankCardStatusTransitions" value="src/bankcard/list-bank-card-transitions.js"/>

    <property name="stepName_createPaperCheck" value="src/papercheck/create-paper-check.js"/>
    <property name="stepName_getPaperCheck" value="src/papercheck/get-paper-check.js"/>
    <property name="stepName_listPaperCheck" value="src/papercheck/list-paper-checks.js"/>
    <property name="stepName_updatePaperCheck" value="src/papercheck/update-paper-check.js"/>
    <property name="stepName_deactivatePaperCheck" value="src/papercheck/deactivate-paper-check.js"/>
    <property name="stepName_createPaperCheckStatusTransition" value="src/papercheck/create-paper-check-transition.js"/>
    <property name="stepName_getPaperCheckStatusTransition" value="src/papercheck/get-paper-check-transition.js"/>
    <property name="stepName_listPaperCheckStatusTransitions" value="src/papercheck/list-paper-check-transitions.js"/>

    <property name="stepName_getBankAccountStatusTransition" value="src/bankaccount/get-bank-account-transition.js"/>

    <property name="stepName_createPaymentStatusTransition" value="src/payment/create-payment-transition.js"/>
    <property name="stepName_getPaymentStatusTransition" value="src/payment/get-payment-transition.js"/>
    <property name="stepName_listPaymentStatusTransitions" value="src/payment/list-payment-transitions.js"/>

    <import file="test-scenario.xml"/>

    <target name="init" depends="download-sdk, download-steps">
        <exec executable="npm" dir="${sdkDir}">
            <arg value="install"/>
        </exec>
        <exec executable="npm" dir="${sdkDir}">
            <arg value="run"/>
            <arg value="prod"/>
        </exec>
        <exec executable="npm" dir="${stepsDir}">
            <arg value="install"/>
        </exec>
    </target>

    <target name="testBankCards" depends="stepCreateBankCard, stepGetBankCard, stepListBankCard, stepUpdateBankCard, stepDeactivateBankCard, stepCreateBankCardStatusTransition, stepGetBankCardStatusTransition, stepListBankCardStatusTransition">
        <echo message="Ok"/>
    </target>
    <target name="testPaperChecks" depends="stepCreatePaperCheck, stepGetPaperCheck, stepListPaperCheck, stepUpdatePaperCheck, stepDeactivatePaperCheck, stepCreatePaperCheckStatusTransition, stepGetPaperCheckStatusTransition, stepListPaperCheckStatusTransition">
        <echo message="Ok"/>
    </target>
    <target name="testBankAccounts" depends="stepGetBankAccountStatusTransition">
        <echo message="Ok"/>
    </target>
    <target name="testPayments" depends="stepCreatePaymentStatusTransition">
        <echo message="Ok"/>
    </target>

</project>